# JRE version: Java(TM) SE Runtime Environment (8.0_101-b13) (build 1.8.0_101-b13)
# Java VM: Java HotSpot(TM) 64-Bit Server VM (25.101-b13 mixed mode windows-amd64 compressed oops)
Heap:
 PSYoungGen      total 178688K, used 78657K [0x00000000d5c00000, 0x00000000e3700000, 0x0000000100000000)
  eden space 162304K, 48% used [0x00000000d5c00000,0x00000000da8d0700,0x00000000dfa80000)
  from space 16384K, 0% used [0x00000000e0980000,0x00000000e0980000,0x00000000e1980000)
  to   space 15360K, 0% used [0x00000000dfa80000,0x00000000dfa80000,0x00000000e0980000)
 ParOldGen       total 97280K, used 23041K [0x0000000081400000, 0x0000000087300000, 0x00000000d5c00000)
  object space 97280K, 23% used [0x0000000081400000,0x0000000082a804f8,0x0000000087300000)
 Metaspace       used 40961K, capacity 42812K, committed 43096K, reserved 1087488K
  class space    used 5372K, capacity 5717K, committed 5720K, reserved 1048576K
GC Heap History (10 events):
Event: 0.958 GC heap before
{Heap before GC invocations=4 (full 1):
 PSYoungGen      total 71680K, used 5107K [0x00000000d5c00000, 0x00000000de800000, 0x0000000100000000)
  eden space 66560K, 0% used [0x00000000d5c00000,0x00000000d5c00000,0x00000000d9d00000)
  from space 5120K, 99% used [0x00000000d9d00000,0x00000000da1fcc88,0x00000000da200000)
  to   space 5120K, 0% used [0x00000000de300000,0x00000000de300000,0x00000000de800000)
 ParOldGen       total 87552K, used 6214K [0x0000000081400000, 0x0000000086980000, 0x00000000d5c00000)
  object space 87552K, 7% used [0x0000000081400000,0x0000000081a11ae0,0x0000000086980000)
 Metaspace       used 20582K, capacity 21070K, committed 21248K, reserved 1067008K
  class space    used 2612K, capacity 2760K, committed 2816K, reserved 1048576K
Event: 0.992 GC heap after
Heap after GC invocations=4 (full 1):
 PSYoungGen      total 71680K, used 0K [0x00000000d5c00000, 0x00000000de800000, 0x0000000100000000)
  eden space 66560K, 0% used [0x00000000d5c00000,0x00000000d5c00000,0x00000000d9d00000)
  from space 5120K, 0% used [0x00000000d9d00000,0x00000000d9d00000,0x00000000da200000)
  to   space 5120K, 0% used [0x00000000de300000,0x00000000de300000,0x00000000de800000)
 ParOldGen       total 59904K, used 9229K [0x0000000081400000, 0x0000000084e80000, 0x00000000d5c00000)
  object space 59904K, 15% used [0x0000000081400000,0x0000000081d037b8,0x0000000084e80000)
 Metaspace       used 20582K, capacity 21070K, committed 21248K, reserved 1067008K
  class space    used 2612K, capacity 2760K, committed 2816K, reserved 1048576K
}
Event: 1.505 GC heap before
{Heap before GC invocations=5 (full 1):
 PSYoungGen      total 71680K, used 66560K [0x00000000d5c00000, 0x00000000de800000, 0x0000000100000000)
  eden space 66560K, 100% used [0x00000000d5c00000,0x00000000d9d00000,0x00000000d9d00000)
  from space 5120K, 0% used [0x00000000d9d00000,0x00000000d9d00000,0x00000000da200000)
  to   space 5120K, 0% used [0x00000000de300000,0x00000000de300000,0x00000000de800000)
 ParOldGen       total 59904K, used 9229K [0x0000000081400000, 0x0000000084e80000, 0x00000000d5c00000)
  object space 59904K, 15% used [0x0000000081400000,0x0000000081d037b8,0x0000000084e80000)
 Metaspace       used 27166K, capacity 27962K, committed 28032K, reserved 1073152K
  class space    used 3468K, capacity 3672K, committed 3712K, reserved 1048576K
Event: 1.516 GC heap after
Heap after GC invocations=5 (full 1):
 PSYoungGen      total 111104K, used 5108K [0x00000000d5c00000, 0x00000000de800000, 0x0000000100000000)
  eden space 105984K, 0% used [0x00000000d5c00000,0x00000000d5c00000,0x00000000dc380000)
  from space 5120K, 99% used [0x00000000de300000,0x00000000de7fd0b0,0x00000000de800000)
  to   space 5120K, 0% used [0x00000000dde00000,0x00000000dde00000,0x00000000de300000)
 ParOldGen       total 59904K, used 15027K [0x0000000081400000, 0x0000000084e80000, 0x00000000d5c00000)
  object space 59904K, 25% used [0x0000000081400000,0x00000000822accf8,0x0000000084e80000)
 Metaspace       used 27166K, capacity 27962K, committed 28032K, reserved 1073152K
  class space    used 3468K, capacity 3672K, committed 3712K, reserved 1048576K
}
Event: 14.332 GC heap before
{Heap before GC invocations=6 (full 1):
 PSYoungGen      total 111104K, used 111092K [0x00000000d5c00000, 0x00000000de800000, 0x0000000100000000)
  eden space 105984K, 100% used [0x00000000d5c00000,0x00000000dc380000,0x00000000dc380000)
  from space 5120K, 99% used [0x00000000de300000,0x00000000de7fd0b0,0x00000000de800000)
  to   space 5120K, 0% used [0x00000000dde00000,0x00000000dde00000,0x00000000de300000)
 ParOldGen       total 59904K, used 15027K [0x0000000081400000, 0x0000000084e80000, 0x00000000d5c00000)
  object space 59904K, 25% used [0x0000000081400000,0x00000000822accf8,0x0000000084e80000)
 Metaspace       used 32692K, capacity 33938K, committed 34176K, reserved 1079296K
  class space    used 4176K, capacity 4436K, committed 4480K, reserved 1048576K
Event: 14.344 GC heap after
Heap after GC invocations=6 (full 1):
 PSYoungGen      total 138240K, used 5088K [0x00000000d5c00000, 0x00000000e1980000, 0x0000000100000000)
  eden space 133120K, 0% used [0x00000000d5c00000,0x00000000d5c00000,0x00000000dde00000)
  from space 5120K, 99% used [0x00000000dde00000,0x00000000de2f8040,0x00000000de300000)
  to   space 16384K, 0% used [0x00000000e0980000,0x00000000e0980000,0x00000000e1980000)
 ParOldGen       total 59904K, used 24578K [0x0000000081400000, 0x0000000084e80000, 0x00000000d5c00000)
  object space 59904K, 41% used [0x0000000081400000,0x0000000082c00bd0,0x0000000084e80000)
 Metaspace       used 32692K, capacity 33938K, committed 34176K, reserved 1079296K
  class space    used 4176K, capacity 4436K, committed 4480K, reserved 1048576K
}
Event: 22.226 GC heap before
{Heap before GC invocations=7 (full 1):
 PSYoungGen      total 138240K, used 34585K [0x00000000d5c00000, 0x00000000e1980000, 0x0000000100000000)
  eden space 133120K, 22% used [0x00000000d5c00000,0x00000000d78ce700,0x00000000dde00000)
  from space 5120K, 99% used [0x00000000dde00000,0x00000000de2f8040,0x00000000de300000)
  to   space 16384K, 0% used [0x00000000e0980000,0x00000000e0980000,0x00000000e1980000)
 ParOldGen       total 59904K, used 24578K [0x0000000081400000, 0x0000000084e80000, 0x00000000d5c00000)
  object space 59904K, 41% used [0x0000000081400000,0x0000000082c00bd0,0x0000000084e80000)
 Metaspace       used 33984K, capacity 35294K, committed 35416K, reserved 1079296K
  class space    used 4376K, capacity 4626K, committed 4696K, reserved 1048576K
Event: 22.233 GC heap after
Heap after GC invocations=7 (full 1):
 PSYoungGen      total 178688K, used 7747K [0x00000000d5c00000, 0x00000000e3700000, 0x0000000100000000)
  eden space 162304K, 0% used [0x00000000d5c00000,0x00000000d5c00000,0x00000000dfa80000)
  from space 16384K, 47% used [0x00000000e0980000,0x00000000e1110d28,0x00000000e1980000)
  to   space 15360K, 0% used [0x00000000dfa80000,0x00000000dfa80000,0x00000000e0980000)
 ParOldGen       total 59904K, used 24578K [0x0000000081400000, 0x0000000084e80000, 0x00000000d5c00000)
  object space 59904K, 41% used [0x0000000081400000,0x0000000082c00bd0,0x0000000084e80000)
 Metaspace       used 33984K, capacity 35294K, committed 35416K, reserved 1079296K
  class space    used 4376K, capacity 4626K, committed 4696K, reserved 1048576K
}
Event: 22.233 GC heap before
{Heap before GC invocations=8 (full 2):
 PSYoungGen      total 178688K, used 7747K [0x00000000d5c00000, 0x00000000e3700000, 0x0000000100000000)
  eden space 162304K, 0% used [0x00000000d5c00000,0x00000000d5c00000,0x00000000dfa80000)
  from space 16384K, 47% used [0x00000000e0980000,0x00000000e1110d28,0x00000000e1980000)
  to   space 15360K, 0% used [0x00000000dfa80000,0x00000000dfa80000,0x00000000e0980000)
 ParOldGen       total 59904K, used 24578K [0x0000000081400000, 0x0000000084e80000, 0x00000000d5c00000)
  object space 59904K, 41% used [0x0000000081400000,0x0000000082c00bd0,0x0000000084e80000)
 Metaspace       used 33984K, capacity 35294K, committed 35416K, reserved 1079296K
  class space    used 4376K, capacity 4626K, committed 4696K, reserved 1048576K
Event: 22.290 GC heap after
Heap after GC invocations=8 (full 2):
 PSYoungGen      total 178688K, used 0K [0x00000000d5c00000, 0x00000000e3700000, 0x0000000100000000)
  eden space 162304K, 0% used [0x00000000d5c00000,0x00000000d5c00000,0x00000000dfa80000)
  from space 16384K, 0% used [0x00000000e0980000,0x00000000e0980000,0x00000000e1980000)
  to   space 15360K, 0% used [0x00000000dfa80000,0x00000000dfa80000,0x00000000e0980000)
 ParOldGen       total 97280K, used 23041K [0x0000000081400000, 0x0000000087300000, 0x00000000d5c00000)
  object space 97280K, 23% used [0x0000000081400000,0x0000000082a804f8,0x0000000087300000)
 Metaspace       used 33984K, capacity 35294K, committed 35416K, reserved 1079296K
  class space    used 4376K, capacity 4626K, committed 4696K, reserved 1048576K
}

